<?xml version="1.0" encoding="UTF-8"?>
<testng-results skipped="0" failed="0" ignored="0" total="1" passed="1">
  <reporter-output>
  </reporter-output>
  <suite name="Default suite" duration-ms="12027" started-at="2017-04-26T06:09:00Z" finished-at="2017-04-26T06:09:12Z">
    <groups>
    </groups>
    <test name="Default test" duration-ms="12027" started-at="2017-04-26T06:09:00Z" finished-at="2017-04-26T06:09:12Z">
      <class name="practicet1.TestBrowsers">
        <test-method status="PASS" signature="Initialization()[pri:0, instance:practicet1.TestBrowsers@cb5822]" name="Initialization" is-config="true" duration-ms="4727" started-at="2017-04-26T14:09:00Z" finished-at="2017-04-26T14:09:04Z">
          <reporter-output>
          </reporter-output>
        </test-method> <!-- Initialization -->
        <test-method status="PASS" signature="start()[pri:0, instance:practicet1.TestBrowsers@cb5822]" name="start" duration-ms="5805" started-at="2017-04-26T14:09:04Z" finished-at="2017-04-26T14:09:10Z">
          <reporter-output>
          </reporter-output>
        </test-method> <!-- start -->
        <test-method status="PASS" signature="close()[pri:0, instance:practicet1.TestBrowsers@cb5822]" name="close" is-config="true" duration-ms="1470" started-at="2017-04-26T14:09:10Z" finished-at="2017-04-26T14:09:12Z">
          <reporter-output>
          </reporter-output>
        </test-method> <!-- close -->
      </class> <!-- practicet1.TestBrowsers -->
    </test> <!-- Default test -->
  </suite> <!-- Default suite -->
</testng-results>
